Traceback (most recent call last):
  File "/opt/homebrew/Caskroom/mambaforge/base/lib/python3.10/site-packages/jupyter_cache/executors/utils.py", line 51, in single_nb_execution
    executenb(
  File "/opt/homebrew/Caskroom/mambaforge/base/lib/python3.10/site-packages/nbclient/client.py", line 1204, in execute
    return NotebookClient(nb=nb, resources=resources, km=km, **kwargs).execute()
  File "/opt/homebrew/Caskroom/mambaforge/base/lib/python3.10/site-packages/nbclient/util.py", line 84, in wrapped
    return just_run(coro(*args, **kwargs))
  File "/opt/homebrew/Caskroom/mambaforge/base/lib/python3.10/site-packages/nbclient/util.py", line 62, in just_run
    return loop.run_until_complete(coro)
  File "/opt/homebrew/Caskroom/mambaforge/base/lib/python3.10/asyncio/base_events.py", line 646, in run_until_complete
    return future.result()
  File "/opt/homebrew/Caskroom/mambaforge/base/lib/python3.10/site-packages/nbclient/client.py", line 663, in async_execute
    await self.async_execute_cell(
  File "/opt/homebrew/Caskroom/mambaforge/base/lib/python3.10/site-packages/nbclient/client.py", line 965, in async_execute_cell
    await self._check_raise_for_error(cell, cell_index, exec_reply)
  File "/opt/homebrew/Caskroom/mambaforge/base/lib/python3.10/site-packages/nbclient/client.py", line 862, in _check_raise_for_error
    raise CellExecutionError.from_cell_and_msg(cell, exec_reply_content)
nbclient.exceptions.CellExecutionError: An error occurred while executing the following cell:
------------------
using StatsBase, Random
------------------

Failed to precompile StatsBase [2913bbd2-ae8a-5f71-8c99-4fb6c76f3a91] to /Users/integzz/.julia/compiled/v1.7/StatsBase/jl_F0aenq.

Stacktrace:
 [1] error(s::String)
   @ Base ./error.jl:33
 [2] compilecache(pkg::Base.PkgId, path::String, internal_stderr::IO, internal_stdout::IO, ignore_loaded_modules::Bool)
   @ Base ./loading.jl:1466
 [3] compilecache(pkg::Base.PkgId, path::String)
   @ Base ./loading.jl:1410
 [4] _require(pkg::Base.PkgId)
   @ Base ./loading.jl:1120
 [5] require(uuidkey::Base.PkgId)
   @ Base ./loading.jl:1013
 [6] require(into::Module, mod::Symbol)
   @ Base ./loading.jl:997
 [7] eval
   @ ./boot.jl:373 [inlined]
 [8] include_string(mapexpr::typeof(REPL.softscope), mod::Module, code::String, filename::String)
   @ Base ./loading.jl:1196
LoadError: Failed to precompile StatsBase [2913bbd2-ae8a-5f71-8c99-4fb6c76f3a91] to /Users/integzz/.julia/compiled/v1.7/StatsBase/jl_F0aenq.

